  chat_server4.c
C:\Users\whgkd\OneDrive\바탕 화면\NetP06-Win (2)\chat_server4\chat_server4.c(162,47): warning C4020: 'strcpy': 실제 매개 변수가 너무 많습니다.
C:\Users\whgkd\OneDrive\바탕 화면\NetP06-Win (2)\chat_server4\chat_server4.c(179,19): warning C4129: 's': 문자 이스케이프 시퀀스를 인식할 수 없습니다.
C:\Users\whgkd\OneDrive\바탕 화면\NetP06-Win (2)\chat_server4\chat_server4.c(158,5): warning C4996: 'sscanf': This function or variable may be unsafe. Consider using sscanf_s instead. To disable deprecation, use _CRT_SECURE_NO_WARNINGS. See online help for details.
C:\Users\whgkd\OneDrive\바탕 화면\NetP06-Win (2)\chat_server4\chat_server4.c(162,6): warning C4996: 'strcpy': This function or variable may be unsafe. Consider using strcpy_s instead. To disable deprecation, use _CRT_SECURE_NO_WARNINGS. See online help for details.
C:\Users\whgkd\OneDrive\바탕 화면\NetP06-Win (2)\chat_server4\chat_server4.c(166,8): warning C4996: 'sprintf': This function or variable may be unsafe. Consider using sprintf_s instead. To disable deprecation, use _CRT_SECURE_NO_WARNINGS. See online help for details.
C:\Users\whgkd\OneDrive\바탕 화면\NetP06-Win (2)\chat_server4\chat_server4.c(179,6): warning C4996: 'sprintf': This function or variable may be unsafe. Consider using sprintf_s instead. To disable deprecation, use _CRT_SECURE_NO_WARNINGS. See online help for details.
C:\Users\whgkd\OneDrive\바탕 화면\NetP06-Win (2)\chat_server4\chat_server4.c(186,7): warning C4996: 'sprintf': This function or variable may be unsafe. Consider using sprintf_s instead. To disable deprecation, use _CRT_SECURE_NO_WARNINGS. See online help for details.
C:\Users\whgkd\OneDrive\바탕 화면\NetP06-Win (2)\chat_server4\chat_server4.c(194,6): warning C4996: 'sprintf': This function or variable may be unsafe. Consider using sprintf_s instead. To disable deprecation, use _CRT_SECURE_NO_WARNINGS. See online help for details.
C:\Users\whgkd\OneDrive\바탕 화면\NetP06-Win (2)\chat_server4\chat_server4.c(206,6): warning C4996: 'sscanf': This function or variable may be unsafe. Consider using sscanf_s instead. To disable deprecation, use _CRT_SECURE_NO_WARNINGS. See online help for details.
C:\Users\whgkd\OneDrive\바탕 화면\NetP06-Win (2)\chat_server4\chat_server4.c(207,6): warning C4996: 'strcpy': This function or variable may be unsafe. Consider using strcpy_s instead. To disable deprecation, use _CRT_SECURE_NO_WARNINGS. See online help for details.
C:\Users\whgkd\OneDrive\바탕 화면\NetP06-Win (2)\chat_server4\chat_server4.c(214,8): warning C4996: 'sprintf': This function or variable may be unsafe. Consider using sprintf_s instead. To disable deprecation, use _CRT_SECURE_NO_WARNINGS. See online help for details.
C:\Users\whgkd\OneDrive\바탕 화면\NetP06-Win (2)\chat_server4\chat_server4.c(226,6): warning C4996: 'sscanf': This function or variable may be unsafe. Consider using sscanf_s instead. To disable deprecation, use _CRT_SECURE_NO_WARNINGS. See online help for details.
C:\Users\whgkd\OneDrive\바탕 화면\NetP06-Win (2)\chat_server4\chat_server4.c(227,6): warning C4996: 'strcpy': This function or variable may be unsafe. Consider using strcpy_s instead. To disable deprecation, use _CRT_SECURE_NO_WARNINGS. See online help for details.
C:\Users\whgkd\OneDrive\바탕 화면\NetP06-Win (2)\chat_server4\chat_server4.c(256,8): warning C4996: 'sscanf': This function or variable may be unsafe. Consider using sscanf_s instead. To disable deprecation, use _CRT_SECURE_NO_WARNINGS. See online help for details.
C:\Users\whgkd\OneDrive\바탕 화면\NetP06-Win (2)\chat_server4\chat_server4.c(300,9): warning C4996: 'sprintf': This function or variable may be unsafe. Consider using sprintf_s instead. To disable deprecation, use _CRT_SECURE_NO_WARNINGS. See online help for details.
C:\Users\whgkd\OneDrive\바탕 화면\NetP06-Win (2)\chat_server4\chat_server4.c(313,8): warning C4996: 'sscanf': This function or variable may be unsafe. Consider using sscanf_s instead. To disable deprecation, use _CRT_SECURE_NO_WARNINGS. See online help for details.
C:\Users\whgkd\OneDrive\바탕 화면\NetP06-Win (2)\chat_server4\chat_server4.c(347,8): warning C4996: 'sscanf': This function or variable may be unsafe. Consider using sscanf_s instead. To disable deprecation, use _CRT_SECURE_NO_WARNINGS. See online help for details.
C:\Users\whgkd\OneDrive\바탕 화면\NetP06-Win (2)\chat_server4\chat_server4.c(352,9): warning C4996: 'sprintf': This function or variable may be unsafe. Consider using sprintf_s instead. To disable deprecation, use _CRT_SECURE_NO_WARNINGS. See online help for details.
C:\Users\whgkd\OneDrive\바탕 화면\NetP06-Win (2)\chat_server4\chat_server4.c(368,11): warning C4996: 'sscanf': This function or variable may be unsafe. Consider using sscanf_s instead. To disable deprecation, use _CRT_SECURE_NO_WARNINGS. See online help for details.
C:\Users\whgkd\OneDrive\바탕 화면\NetP06-Win (2)\chat_server4\chat_server4.c(373,11): warning C4996: 'sprintf': This function or variable may be unsafe. Consider using sprintf_s instead. To disable deprecation, use _CRT_SECURE_NO_WARNINGS. See online help for details.
C:\Users\whgkd\OneDrive\바탕 화면\NetP06-Win (2)\chat_server4\chat_server4.c(393,11): warning C4996: 'sscanf': This function or variable may be unsafe. Consider using sscanf_s instead. To disable deprecation, use _CRT_SECURE_NO_WARNINGS. See online help for details.
C:\Users\whgkd\OneDrive\바탕 화면\NetP06-Win (2)\chat_server4\chat_server4.c(394,11): warning C4996: 'sprintf': This function or variable may be unsafe. Consider using sprintf_s instead. To disable deprecation, use _CRT_SECURE_NO_WARNINGS. See online help for details.
C:\Users\whgkd\OneDrive\바탕 화면\NetP06-Win (2)\chat_server4\chat_server4.c(416,9): warning C4996: 'sprintf': This function or variable may be unsafe. Consider using sprintf_s instead. To disable deprecation, use _CRT_SECURE_NO_WARNINGS. See online help for details.
C:\Users\whgkd\OneDrive\바탕 화면\NetP06-Win (2)\chat_server4\chat_server4.c(72,51): warning C4101: 'buf3' :참조되지 않은 지역 변수입니다.
C:\Users\whgkd\OneDrive\바탕 화면\NetP06-Win (2)\chat_server4\chat_server4.c(73,20): warning C4101: 'k' :참조되지 않은 지역 변수입니다.
C:\Users\whgkd\OneDrive\바탕 화면\NetP06-Win (2)\chat_server4\chat_server4.c(481,4): warning C4996: 'sprintf': This function or variable may be unsafe. Consider using sprintf_s instead. To disable deprecation, use _CRT_SECURE_NO_WARNINGS. See online help for details.
C:\Users\whgkd\OneDrive\바탕 화면\NetP06-Win (2)\chat_server4\chat_server4.c(487,3): warning C4996: 'strcpy': This function or variable may be unsafe. Consider using strcpy_s instead. To disable deprecation, use _CRT_SECURE_NO_WARNINGS. See online help for details.
  chat_server4.vcxproj -> C:\Users\whgkd\OneDrive\바탕 화면\NetP06-Win (2)\Debug\chat_server4.exe
