  chat_client4.c
C:\Users\whgkd\OneDrive\바탕 화면\NetP06-Win (2)\chat_client4\chat_client4.c(82,2): warning C4996: 'scanf': This function or variable may be unsafe. Consider using scanf_s instead. To disable deprecation, use _CRT_SECURE_NO_WARNINGS. See online help for details.
C:\Users\whgkd\OneDrive\바탕 화면\NetP06-Win (2)\chat_client4\chat_client4.c(117,2): warning C4996: 'sprintf': This function or variable may be unsafe. Consider using sprintf_s instead. To disable deprecation, use _CRT_SECURE_NO_WARNINGS. See online help for details.
C:\Users\whgkd\OneDrive\바탕 화면\NetP06-Win (2)\chat_client4\chat_client4.c(137,4): warning C4996: 'sscanf': This function or variable may be unsafe. Consider using sscanf_s instead. To disable deprecation, use _CRT_SECURE_NO_WARNINGS. See online help for details.
C:\Users\whgkd\OneDrive\바탕 화면\NetP06-Win (2)\chat_client4\chat_client4.c(143,5): warning C4996: 'scanf': This function or variable may be unsafe. Consider using scanf_s instead. To disable deprecation, use _CRT_SECURE_NO_WARNINGS. See online help for details.
C:\Users\whgkd\OneDrive\바탕 화면\NetP06-Win (2)\chat_client4\chat_client4.c(150,6): warning C4996: 'sprintf': This function or variable may be unsafe. Consider using sprintf_s instead. To disable deprecation, use _CRT_SECURE_NO_WARNINGS. See online help for details.
C:\Users\whgkd\OneDrive\바탕 화면\NetP06-Win (2)\chat_client4\chat_client4.c(161,6): warning C4996: 'sprintf': This function or variable may be unsafe. Consider using sprintf_s instead. To disable deprecation, use _CRT_SECURE_NO_WARNINGS. See online help for details.
C:\Users\whgkd\OneDrive\바탕 화면\NetP06-Win (2)\chat_client4\chat_client4.c(173,5): warning C4996: 'scanf': This function or variable may be unsafe. Consider using scanf_s instead. To disable deprecation, use _CRT_SECURE_NO_WARNINGS. See online help for details.
C:\Users\whgkd\OneDrive\바탕 화면\NetP06-Win (2)\chat_client4\chat_client4.c(180,6): warning C4996: 'sprintf': This function or variable may be unsafe. Consider using sprintf_s instead. To disable deprecation, use _CRT_SECURE_NO_WARNINGS. See online help for details.
C:\Users\whgkd\OneDrive\바탕 화면\NetP06-Win (2)\chat_client4\chat_client4.c(208,16): warning C4996: 'fopen': This function or variable may be unsafe. Consider using fopen_s instead. To disable deprecation, use _CRT_SECURE_NO_WARNINGS. See online help for details.
C:\Users\whgkd\OneDrive\바탕 화면\NetP06-Win (2)\chat_client4\chat_client4.c(245,6): warning C4996: 'sprintf': This function or variable may be unsafe. Consider using sprintf_s instead. To disable deprecation, use _CRT_SECURE_NO_WARNINGS. See online help for details.
C:\Users\whgkd\OneDrive\바탕 화면\NetP06-Win (2)\chat_client4\chat_client4.c(263,15): warning C4996: 'fopen': This function or variable may be unsafe. Consider using fopen_s instead. To disable deprecation, use _CRT_SECURE_NO_WARNINGS. See online help for details.
C:\Users\whgkd\OneDrive\바탕 화면\NetP06-Win (2)\chat_client4\chat_client4.c(275,5): warning C4996: 'sprintf': This function or variable may be unsafe. Consider using sprintf_s instead. To disable deprecation, use _CRT_SECURE_NO_WARNINGS. See online help for details.
C:\Users\whgkd\OneDrive\바탕 화면\NetP06-Win (2)\chat_client4\chat_client4.c(347,7): warning C4996: 'kbhit': The POSIX name for this item is deprecated. Instead, use the ISO C and C++ conformant name: _kbhit. See online help for details.
C:\Users\whgkd\OneDrive\바탕 화면\NetP06-Win (2)\chat_client4\chat_client4.c(69,12): warning C4101: 'len_in' :참조되지 않은 지역 변수입니다.
C:\Users\whgkd\OneDrive\바탕 화면\NetP06-Win (2)\chat_client4\chat_client4.c(125,6): warning C4101: 'maxfdp1' :참조되지 않은 지역 변수입니다.
C:\Users\whgkd\OneDrive\바탕 화면\NetP06-Win (2)\chat_client4\chat_client4.c(68,64): warning C4101: 'buf4' :참조되지 않은 지역 변수입니다.
C:\Users\whgkd\OneDrive\바탕 화면\NetP06-Win (2)\chat_client4\chat_client4.c(69,20): warning C4101: 'len_out' :참조되지 않은 지역 변수입니다.
C:\Users\whgkd\OneDrive\바탕 화면\NetP06-Win (2)\chat_client4\chat_client4.c(391,3): warning C4996: 'sprintf': This function or variable may be unsafe. Consider using sprintf_s instead. To disable deprecation, use _CRT_SECURE_NO_WARNINGS. See online help for details.
C:\Users\whgkd\OneDrive\바탕 화면\NetP06-Win (2)\chat_client4\chat_client4.c(214): warning C4700: 초기화되지 않은 'filesize' 지역 변수를 사용했습니다.
  chat_client4.vcxproj -> C:\Users\whgkd\OneDrive\바탕 화면\NetP06-Win (2)\Debug\chat_client4.exe
